                              1 ;--------------------------------------------------------
                              2 ; File Created by SDCC : free open source ANSI-C Compiler
                              3 ; Version 3.5.5 #9498 (CYGWIN)
                              4 ;--------------------------------------------------------
                              5 	.module game
                              6 	.optsdcc -mz80
                              7 	
                              8 ;--------------------------------------------------------
                              9 ; Public variables in this module
                             10 ;--------------------------------------------------------
                             11 	.globl _cpct_setPALColour
                             12 	.globl _cpct_waitVSYNC
                             13 	.globl _cpct_setVideoMode
                             14 	.globl _cpct_scanKeyboard_f
                             15 	.globl _cpct_disableFirmware
                             16 	.globl _myGame
                             17 	.globl _initCPC
                             18 	.globl _init
                             19 	.globl _run
                             20 	.globl _processInput
                             21 	.globl _update
                             22 	.globl _draw
                             23 ;--------------------------------------------------------
                             24 ; special function registers
                             25 ;--------------------------------------------------------
                             26 ;--------------------------------------------------------
                             27 ; ram data
                             28 ;--------------------------------------------------------
                             29 	.area _DATA
   0000                      30 _myGame::
   0000                      31 	.ds 1
                             32 ;--------------------------------------------------------
                             33 ; ram data
                             34 ;--------------------------------------------------------
                             35 	.area _INITIALIZED
                             36 ;--------------------------------------------------------
                             37 ; absolute external ram data
                             38 ;--------------------------------------------------------
                             39 	.area _DABS (ABS)
                             40 ;--------------------------------------------------------
                             41 ; global & static initialisations
                             42 ;--------------------------------------------------------
                             43 	.area _HOME
                             44 	.area _GSINIT
                             45 	.area _GSFINAL
                             46 	.area _GSINIT
                             47 ;--------------------------------------------------------
                             48 ; Home
                             49 ;--------------------------------------------------------
                             50 	.area _HOME
                             51 	.area _HOME
                             52 ;--------------------------------------------------------
                             53 ; code
                             54 ;--------------------------------------------------------
                             55 	.area _CODE
                             56 ;src/game.c:21: void initCPC(){
                             57 ;	---------------------------------
                             58 ; Function initCPC
                             59 ; ---------------------------------
   0000                      60 _initCPC::
                             61 ;src/game.c:22: cpct_disableFirmware();
   0000 CDr00r00      [17]   62 	call	_cpct_disableFirmware
                             63 ;src/game.c:23: cpct_setVideoMode(0);
   0003 2E 00         [ 7]   64 	ld	l,#0x00
   0005 CDr00r00      [17]   65 	call	_cpct_setVideoMode
                             66 ;src/game.c:24: cpct_setBorder(HW_BLACK);
   0008 21 10 14      [10]   67 	ld	hl,#0x1410
   000B E5            [11]   68 	push	hl
   000C CDr00r00      [17]   69 	call	_cpct_setPALColour
                             70 ;src/game.c:26: cpct_setVideoMode(0);
   000F 2E 00         [ 7]   71 	ld	l,#0x00
   0011 CDr00r00      [17]   72 	call	_cpct_setVideoMode
   0014 C9            [10]   73 	ret
                             74 ;src/game.c:34: void init(){
                             75 ;	---------------------------------
                             76 ; Function init
                             77 ; ---------------------------------
   0015                      78 _init::
                             79 ;src/game.c:35: initCPC();
   0015 C3r00r00      [10]   80 	jp  _initCPC
                             81 ;src/game.c:39: void run(){
                             82 ;	---------------------------------
                             83 ; Function run
                             84 ; ---------------------------------
   0018                      85 _run::
                             86 ;src/game.c:41: init();
   0018 CDr15r00      [17]   87 	call	_init
                             88 ;src/game.c:45: while(1){
   001B                      89 00104$:
                             90 ;src/game.c:47: processInput();
   001B CDr29r00      [17]   91 	call	_processInput
                             92 ;src/game.c:49: update();
   001E CDr2Cr00      [17]   93 	call	_update
                             94 ;src/game.c:52: cpct_waitVSYNC();
   0021 CDr00r00      [17]   95 	call	_cpct_waitVSYNC
                             96 ;src/game.c:53: draw();
   0024 CDr2Dr00      [17]   97 	call	_draw
   0027 18 F2         [12]   98 	jr	00104$
                             99 ;src/game.c:62: void processInput(){
                            100 ;	---------------------------------
                            101 ; Function processInput
                            102 ; ---------------------------------
   0029                     103 _processInput::
                            104 ;src/game.c:63: cpct_scanKeyboard_f();
   0029 C3r00r00      [10]  105 	jp  _cpct_scanKeyboard_f
                            106 ;src/game.c:69: void update(){
                            107 ;	---------------------------------
                            108 ; Function update
                            109 ; ---------------------------------
   002C                     110 _update::
                            111 ;src/game.c:82: }
   002C C9            [10]  112 	ret
                            113 ;src/game.c:84: void draw(){
                            114 ;	---------------------------------
                            115 ; Function draw
                            116 ; ---------------------------------
   002D                     117 _draw::
                            118 ;src/game.c:98: }
   002D C9            [10]  119 	ret
                            120 	.area _CODE
                            121 	.area _INITIALIZER
                            122 	.area _CABS (ABS)
